[INFO ] 2024-10-17 10:20:56.797 [main] SeleniumFrameworkSeptember - URL has been launched.
[INFO ] 2024-10-17 10:20:57.917 [main] SeleniumFrameworkSeptember - Username has enetred.
[INFO ] 2024-10-17 10:20:58.103 [main] SeleniumFrameworkSeptember - Password has enetred.
[INFO ] 2024-10-17 10:20:58.358 [main] SeleniumFrameworkSeptember - Login button has clicked.
[INFO ] 2024-10-17 10:20:58.408 [main] SeleniumFrameworkSeptember - Product page title verification passed.
[INFO ] 2024-10-17 10:20:58.720 [main] SeleniumFrameworkSeptember - Item link has clicked.
[INFO ] 2024-10-17 10:20:58.975 [main] SeleniumFrameworkSeptember - Add To Cart button has clicked.
[INFO ] 2024-10-17 10:20:59.000 [main] SeleniumFrameworkSeptember - Product page URL verification passed.
[INFO ] 2024-10-17 10:31:40.150 [main] SeleniumFrameworkSeptember - URL has been launched.
[INFO ] 2024-10-17 10:31:40.489 [main] SeleniumFrameworkSeptember - Username has enetred.
[INFO ] 2024-10-17 10:31:40.664 [main] SeleniumFrameworkSeptember - Password has enetred.
[INFO ] 2024-10-17 10:31:40.898 [main] SeleniumFrameworkSeptember - Login button has clicked.
[INFO ] 2024-10-17 10:31:40.928 [main] SeleniumFrameworkSeptember - Product page title verification passed.
[INFO ] 2024-10-17 10:31:41.182 [main] SeleniumFrameworkSeptember - Item link has clicked.
[INFO ] 2024-10-17 10:31:41.398 [main] SeleniumFrameworkSeptember - Add To Cart button has clicked.
[INFO ] 2024-10-17 10:31:41.432 [main] SeleniumFrameworkSeptember - Product page URL verification passed.
[INFO ] 2024-10-17 10:31:41.600 [main] SeleniumFrameworkSeptember - AddToCart button has clicked.
[INFO ] 2024-10-17 10:31:41.735 [main] SeleniumFrameworkSeptember - Checkout button has clicked.
[INFO ] 2024-10-17 10:31:41.756 [main] SeleniumFrameworkSeptember - Information page URL verification passed.
[INFO ] 2024-10-17 10:32:12.118 [main] SeleniumFrameworkSeptember - URL has been launched.
[INFO ] 2024-10-17 10:32:12.465 [main] SeleniumFrameworkSeptember - Username has enetred.
[INFO ] 2024-10-17 10:32:12.648 [main] SeleniumFrameworkSeptember - Password has enetred.
[INFO ] 2024-10-17 10:32:12.875 [main] SeleniumFrameworkSeptember - Login button has clicked.
[INFO ] 2024-10-17 10:32:12.905 [main] SeleniumFrameworkSeptember - Product page title verification passed.
[INFO ] 2024-10-17 10:32:13.204 [main] SeleniumFrameworkSeptember - Item link has clicked.
[INFO ] 2024-10-17 10:32:13.337 [main] SeleniumFrameworkSeptember - Add To Cart button has clicked.
[INFO ] 2024-10-17 10:32:13.368 [main] SeleniumFrameworkSeptember - Product page URL verification passed.
[INFO ] 2024-10-17 10:32:13.655 [main] SeleniumFrameworkSeptember - AddToCart button has clicked.
[INFO ] 2024-10-17 10:32:13.829 [main] SeleniumFrameworkSeptember - Checkout button has clicked.
[INFO ] 2024-10-17 10:32:13.856 [main] SeleniumFrameworkSeptember - Information page URL verification passed.
[INFO ] 2024-10-17 10:41:11.091 [main] SeleniumFrameworkSeptember - URL has been launched.
[INFO ] 2024-10-17 10:41:11.452 [main] SeleniumFrameworkSeptember - Username has enetred.
[INFO ] 2024-10-17 10:41:11.621 [main] SeleniumFrameworkSeptember - Password has enetred.
[INFO ] 2024-10-17 10:41:11.881 [main] SeleniumFrameworkSeptember - Login button has clicked.
[INFO ] 2024-10-17 10:41:11.911 [main] SeleniumFrameworkSeptember - Product page title verification passed.
[INFO ] 2024-10-17 10:41:12.187 [main] SeleniumFrameworkSeptember - Item link has clicked.
[INFO ] 2024-10-17 10:41:12.377 [main] SeleniumFrameworkSeptember - Add To Cart button has clicked.
[INFO ] 2024-10-17 10:41:12.396 [main] SeleniumFrameworkSeptember - Product page URL verification passed.
[INFO ] 2024-10-17 10:41:12.535 [main] SeleniumFrameworkSeptember - AddToCart button has clicked.
[INFO ] 2024-10-17 10:41:12.697 [main] SeleniumFrameworkSeptember - Checkout button has clicked.
[INFO ] 2024-10-17 10:41:12.717 [main] SeleniumFrameworkSeptember - Information page URL verification passed.
[INFO ] 2024-10-17 10:41:12.937 [main] SeleniumFrameworkSeptember - First Name has entered
[INFO ] 2024-10-17 10:41:13.124 [main] SeleniumFrameworkSeptember - Last Name has entered
[INFO ] 2024-10-17 10:41:13.352 [main] SeleniumFrameworkSeptember - Zip Code has entered
[INFO ] 2024-10-17 10:41:13.552 [main] SeleniumFrameworkSeptember - Continue button has clicked.
[INFO ] 2024-10-17 10:41:13.569 [main] SeleniumFrameworkSeptember - Overview page URL verification passed.
[INFO ] 2024-10-17 10:46:17.204 [main] SeleniumFrameworkSeptember - URL has been launched.
[INFO ] 2024-10-17 10:46:17.529 [main] SeleniumFrameworkSeptember - Username has enetred.
[INFO ] 2024-10-17 10:46:17.715 [main] SeleniumFrameworkSeptember - Password has enetred.
[INFO ] 2024-10-17 10:46:17.941 [main] SeleniumFrameworkSeptember - Login button has clicked.
[INFO ] 2024-10-17 10:46:17.974 [main] SeleniumFrameworkSeptember - Product page title verification passed.
[INFO ] 2024-10-17 10:46:18.227 [main] SeleniumFrameworkSeptember - Item link has clicked.
[INFO ] 2024-10-17 10:46:18.444 [main] SeleniumFrameworkSeptember - Add To Cart button has clicked.
[INFO ] 2024-10-17 10:46:18.460 [main] SeleniumFrameworkSeptember - Product page URL verification passed.
[INFO ] 2024-10-17 10:46:18.597 [main] SeleniumFrameworkSeptember - AddToCart button has clicked.
[INFO ] 2024-10-17 10:46:18.757 [main] SeleniumFrameworkSeptember - Checkout button has clicked.
[INFO ] 2024-10-17 10:46:18.778 [main] SeleniumFrameworkSeptember - Information page URL verification passed.
[INFO ] 2024-10-17 10:46:18.969 [main] SeleniumFrameworkSeptember - First Name has entered
[INFO ] 2024-10-17 10:46:19.148 [main] SeleniumFrameworkSeptember - Last Name has entered
[INFO ] 2024-10-17 10:46:19.315 [main] SeleniumFrameworkSeptember - Zip Code has entered
[INFO ] 2024-10-17 10:46:19.471 [main] SeleniumFrameworkSeptember - Continue button has clicked.
[INFO ] 2024-10-17 10:46:19.494 [main] SeleniumFrameworkSeptember - Overview page URL verification passed.
[INFO ] 2024-10-17 10:46:19.649 [main] SeleniumFrameworkSeptember - Finish button has clicked.
[INFO ] 2024-10-17 10:46:19.672 [main] SeleniumFrameworkSeptember - Finish page URL verification passed.
[INFO ] 2024-10-17 10:58:01.842 [main] SeleniumFrameworkSeptember - URL has been launched.
[INFO ] 2024-10-17 10:58:02.288 [main] SeleniumFrameworkSeptember - Username has enetred.
[INFO ] 2024-10-17 10:58:02.498 [main] SeleniumFrameworkSeptember - Password has enetred.
[INFO ] 2024-10-17 10:58:02.740 [main] SeleniumFrameworkSeptember - Login button has clicked.
[INFO ] 2024-10-17 10:58:02.774 [main] SeleniumFrameworkSeptember - Product page title verification passed.
[INFO ] 2024-10-17 10:58:03.028 [main] SeleniumFrameworkSeptember - Item link has clicked.
[INFO ] 2024-10-17 10:58:03.145 [main] SeleniumFrameworkSeptember - Add To Cart button has clicked.
[INFO ] 2024-10-17 10:58:03.177 [main] SeleniumFrameworkSeptember - Product page URL verification passed.
[INFO ] 2024-10-17 10:58:03.380 [main] SeleniumFrameworkSeptember - AddToCart button has clicked.
[INFO ] 2024-10-17 10:58:03.557 [main] SeleniumFrameworkSeptember - Checkout button has clicked.
[INFO ] 2024-10-17 10:58:03.581 [main] SeleniumFrameworkSeptember - Information page URL verification passed.
[INFO ] 2024-10-17 10:58:03.816 [main] SeleniumFrameworkSeptember - First Name has entered
[INFO ] 2024-10-17 10:58:04.043 [main] SeleniumFrameworkSeptember - Last Name has entered
[INFO ] 2024-10-17 10:58:04.298 [main] SeleniumFrameworkSeptember - Zip Code has entered
[INFO ] 2024-10-17 10:58:04.608 [main] SeleniumFrameworkSeptember - Continue button has clicked.
[INFO ] 2024-10-17 10:58:04.632 [main] SeleniumFrameworkSeptember - Overview page URL verification passed.
[INFO ] 2024-10-17 10:58:04.889 [main] SeleniumFrameworkSeptember - Finish button has clicked.
[INFO ] 2024-10-17 10:58:04.926 [main] SeleniumFrameworkSeptember - Finish page URL verification passed.
[INFO ] 2024-10-17 10:58:05.063 [main] SeleniumFrameworkSeptember - Success message displayed.
[INFO ] 2024-10-17 10:58:05.250 [main] SeleniumFrameworkSeptember - Back Home button has clicked.
[INFO ] 2024-10-17 11:03:09.951 [main] SeleniumFrameworkSeptember - URL has been launched.
[INFO ] 2024-10-17 11:03:10.312 [main] SeleniumFrameworkSeptember - Username has enetred.
[INFO ] 2024-10-17 11:03:10.481 [main] SeleniumFrameworkSeptember - Password has enetred.
[INFO ] 2024-10-17 11:03:10.743 [main] SeleniumFrameworkSeptember - Login button has clicked.
[INFO ] 2024-10-17 11:03:10.783 [main] SeleniumFrameworkSeptember - Product page title verification passed.
[INFO ] 2024-10-17 11:03:11.003 [main] SeleniumFrameworkSeptember - Item link has clicked.
[INFO ] 2024-10-17 11:03:11.162 [main] SeleniumFrameworkSeptember - Add To Cart button has clicked.
[INFO ] 2024-10-17 11:03:11.181 [main] SeleniumFrameworkSeptember - Product page URL verification passed.
[INFO ] 2024-10-17 11:03:11.303 [main] SeleniumFrameworkSeptember - AddToCart button has clicked.
[INFO ] 2024-10-17 11:03:11.461 [main] SeleniumFrameworkSeptember - Checkout button has clicked.
[INFO ] 2024-10-17 11:03:11.480 [main] SeleniumFrameworkSeptember - Information page URL verification passed.
[INFO ] 2024-10-17 11:03:11.710 [main] SeleniumFrameworkSeptember - First Name has entered
[INFO ] 2024-10-17 11:03:11.999 [main] SeleniumFrameworkSeptember - Last Name has entered
[INFO ] 2024-10-17 11:03:12.432 [main] SeleniumFrameworkSeptember - Zip Code has entered
[INFO ] 2024-10-17 11:03:12.751 [main] SeleniumFrameworkSeptember - Continue button has clicked.
[INFO ] 2024-10-17 11:03:12.790 [main] SeleniumFrameworkSeptember - Overview page URL verification passed.
[INFO ] 2024-10-17 11:03:13.085 [main] SeleniumFrameworkSeptember - Finish button has clicked.
[INFO ] 2024-10-17 11:03:13.106 [main] SeleniumFrameworkSeptember - Finish page URL verification passed.
[INFO ] 2024-10-17 11:03:13.169 [main] SeleniumFrameworkSeptember - Success message displayed.
[INFO ] 2024-10-17 11:03:13.319 [main] SeleniumFrameworkSeptember - Back Home button has clicked.
[INFO ] 2024-10-17 11:03:13.540 [main] SeleniumFrameworkSeptember - HamburgerIcon has clicked.
[INFO ] 2024-10-17 11:03:13.747 [main] SeleniumFrameworkSeptember - logoutBtnn has clicked.
[INFO ] 2024-10-19 10:27:26.657 [main] SeleniumFrameworkSeptember - URL has been launched.
[INFO ] 2024-10-19 10:27:29.248 [main] SeleniumFrameworkSeptember - Username has enetred.
[INFO ] 2024-10-19 10:27:29.468 [main] SeleniumFrameworkSeptember - Password has enetred.
[INFO ] 2024-10-19 10:27:29.697 [main] SeleniumFrameworkSeptember - Login button has clicked.
[INFO ] 2024-10-19 10:27:29.728 [main] SeleniumFrameworkSeptember - Product page title verification passed.
[INFO ] 2024-10-19 10:27:29.948 [main] SeleniumFrameworkSeptember - Item link has clicked.
[INFO ] 2024-10-19 10:27:30.192 [main] SeleniumFrameworkSeptember - Add To Cart button has clicked.
[INFO ] 2024-10-19 10:27:30.212 [main] SeleniumFrameworkSeptember - Product page URL verification passed.
[INFO ] 2024-10-19 10:27:30.373 [main] SeleniumFrameworkSeptember - AddToCart button has clicked.
[INFO ] 2024-10-19 10:27:30.565 [main] SeleniumFrameworkSeptember - Checkout button has clicked.
[INFO ] 2024-10-19 10:27:30.596 [main] SeleniumFrameworkSeptember - Information page URL verification passed.
[INFO ] 2024-10-19 10:27:30.845 [main] SeleniumFrameworkSeptember - First Name has entered
[INFO ] 2024-10-19 10:27:31.153 [main] SeleniumFrameworkSeptember - Last Name has entered
[INFO ] 2024-10-19 10:27:31.401 [main] SeleniumFrameworkSeptember - Zip Code has entered
[INFO ] 2024-10-19 10:27:31.763 [main] SeleniumFrameworkSeptember - Continue button has clicked.
[INFO ] 2024-10-19 10:27:31.787 [main] SeleniumFrameworkSeptember - Overview page URL verification passed.
[INFO ] 2024-10-19 10:27:31.979 [main] SeleniumFrameworkSeptember - Finish button has clicked.
[INFO ] 2024-10-19 10:27:31.998 [main] SeleniumFrameworkSeptember - Finish page URL verification passed.
[INFO ] 2024-10-19 10:27:32.071 [main] SeleniumFrameworkSeptember - Success message displayed.
[INFO ] 2024-10-19 10:27:32.206 [main] SeleniumFrameworkSeptember - Back Home button has clicked.
[INFO ] 2024-10-19 10:27:32.398 [main] SeleniumFrameworkSeptember - HamburgerIcon has clicked.
[INFO ] 2024-10-19 10:27:32.625 [main] SeleniumFrameworkSeptember - logoutBtnn has clicked.
[INFO ] 2024-10-19 10:28:09.533 [main] SeleniumFrameworkSeptember - URL has been launched.
[INFO ] 2024-10-19 10:28:10.021 [main] SeleniumFrameworkSeptember - Username has enetred.
[INFO ] 2024-10-19 10:28:10.210 [main] SeleniumFrameworkSeptember - Password has enetred.
[INFO ] 2024-10-19 10:28:10.440 [main] SeleniumFrameworkSeptember - Login button has clicked.
[INFO ] 2024-10-19 10:28:10.495 [main] SeleniumFrameworkSeptember - Product page title verification passed.
[INFO ] 2024-10-19 10:28:10.745 [main] SeleniumFrameworkSeptember - Item link has clicked.
[INFO ] 2024-10-19 10:28:10.998 [main] SeleniumFrameworkSeptember - Add To Cart button has clicked.
[INFO ] 2024-10-19 10:28:11.032 [main] SeleniumFrameworkSeptember - Product page URL verification passed.
[INFO ] 2024-10-19 10:28:11.241 [main] SeleniumFrameworkSeptember - AddToCart button has clicked.
[INFO ] 2024-10-19 10:28:11.499 [main] SeleniumFrameworkSeptember - Checkout button has clicked.
[INFO ] 2024-10-19 10:28:11.542 [main] SeleniumFrameworkSeptember - Information page URL verification passed.
[INFO ] 2024-10-19 10:28:11.889 [main] SeleniumFrameworkSeptember - First Name has entered
[INFO ] 2024-10-19 10:28:12.152 [main] SeleniumFrameworkSeptember - Last Name has entered
[INFO ] 2024-10-19 10:28:12.332 [main] SeleniumFrameworkSeptember - Zip Code has entered
[INFO ] 2024-10-19 10:28:12.569 [main] SeleniumFrameworkSeptember - Continue button has clicked.
[INFO ] 2024-10-19 10:28:12.580 [main] SeleniumFrameworkSeptember - Overview page URL verification passed.
[INFO ] 2024-10-19 10:28:12.707 [main] SeleniumFrameworkSeptember - Finish button has clicked.
[INFO ] 2024-10-19 10:28:12.738 [main] SeleniumFrameworkSeptember - Finish page URL verification passed.
[INFO ] 2024-10-19 10:28:12.820 [main] SeleniumFrameworkSeptember - Success message displayed.
[INFO ] 2024-10-19 10:28:12.953 [main] SeleniumFrameworkSeptember - Back Home button has clicked.
[INFO ] 2024-10-19 10:28:13.155 [main] SeleniumFrameworkSeptember - HamburgerIcon has clicked.
[INFO ] 2024-10-19 10:28:13.365 [main] SeleniumFrameworkSeptember - logoutBtnn has clicked.
[INFO ] 2024-10-19 10:28:55.677 [main] SeleniumFrameworkSeptember - URL has been launched.
[INFO ] 2024-10-19 10:28:57.977 [main] SeleniumFrameworkSeptember - Username has enetred.
[INFO ] 2024-10-19 10:28:58.168 [main] SeleniumFrameworkSeptember - Password has enetred.
[INFO ] 2024-10-19 10:28:58.398 [main] SeleniumFrameworkSeptember - Login button has clicked.
[INFO ] 2024-10-19 10:28:58.438 [main] SeleniumFrameworkSeptember - Product page title verification passed.
[INFO ] 2024-10-19 10:28:58.717 [main] SeleniumFrameworkSeptember - Item link has clicked.
[INFO ] 2024-10-19 10:28:58.942 [main] SeleniumFrameworkSeptember - Add To Cart button has clicked.
[INFO ] 2024-10-19 10:28:58.953 [main] SeleniumFrameworkSeptember - Product page URL verification passed.
[INFO ] 2024-10-19 10:28:59.108 [main] SeleniumFrameworkSeptember - AddToCart button has clicked.
[INFO ] 2024-10-19 10:28:59.314 [main] SeleniumFrameworkSeptember - Checkout button has clicked.
[INFO ] 2024-10-19 10:28:59.344 [main] SeleniumFrameworkSeptember - Information page URL verification passed.
[INFO ] 2024-10-19 10:28:59.623 [main] SeleniumFrameworkSeptember - First Name has entered
[INFO ] 2024-10-19 10:28:59.873 [main] SeleniumFrameworkSeptember - Last Name has entered
[INFO ] 2024-10-19 10:29:00.085 [main] SeleniumFrameworkSeptember - Zip Code has entered
[INFO ] 2024-10-19 10:29:00.293 [main] SeleniumFrameworkSeptember - Continue button has clicked.
[INFO ] 2024-10-19 10:29:00.305 [main] SeleniumFrameworkSeptember - Overview page URL verification passed.
[INFO ] 2024-10-19 10:29:00.514 [main] SeleniumFrameworkSeptember - Finish button has clicked.
[INFO ] 2024-10-19 10:29:00.561 [main] SeleniumFrameworkSeptember - Finish page URL verification passed.
[INFO ] 2024-10-19 10:29:00.657 [main] SeleniumFrameworkSeptember - Success message displayed.
[INFO ] 2024-10-19 10:29:00.846 [main] SeleniumFrameworkSeptember - Back Home button has clicked.
[INFO ] 2024-10-19 10:29:01.239 [main] SeleniumFrameworkSeptember - HamburgerIcon has clicked.
[INFO ] 2024-10-19 10:29:01.436 [main] SeleniumFrameworkSeptember - logoutBtnn has clicked.
[INFO ] 2024-10-19 10:30:13.547 [main] SeleniumFrameworkSeptember - URL has been launched.
[INFO ] 2024-10-19 10:30:13.910 [main] SeleniumFrameworkSeptember - Username has enetred.
[INFO ] 2024-10-19 10:30:14.093 [main] SeleniumFrameworkSeptember - Password has enetred.
[INFO ] 2024-10-19 10:30:14.319 [main] SeleniumFrameworkSeptember - Login button has clicked.
[INFO ] 2024-10-19 10:30:14.376 [main] SeleniumFrameworkSeptember - Product page title verification passed.
[INFO ] 2024-10-19 10:30:14.663 [main] SeleniumFrameworkSeptember - Item link has clicked.
[INFO ] 2024-10-19 10:30:14.822 [main] SeleniumFrameworkSeptember - Add To Cart button has clicked.
[INFO ] 2024-10-19 10:30:14.835 [main] SeleniumFrameworkSeptember - Product page URL verification passed.
[INFO ] 2024-10-19 10:30:15.008 [main] SeleniumFrameworkSeptember - AddToCart button has clicked.
[INFO ] 2024-10-19 10:30:15.158 [main] SeleniumFrameworkSeptember - Checkout button has clicked.
[INFO ] 2024-10-19 10:30:15.168 [main] SeleniumFrameworkSeptember - Information page URL verification passed.
[INFO ] 2024-10-19 10:30:15.373 [main] SeleniumFrameworkSeptember - First Name has entered
[INFO ] 2024-10-19 10:30:15.586 [main] SeleniumFrameworkSeptember - Last Name has entered
[INFO ] 2024-10-19 10:30:15.751 [main] SeleniumFrameworkSeptember - Zip Code has entered
[INFO ] 2024-10-19 10:30:16.127 [main] SeleniumFrameworkSeptember - Continue button has clicked.
[INFO ] 2024-10-19 10:30:16.151 [main] SeleniumFrameworkSeptember - Overview page URL verification passed.
[INFO ] 2024-10-19 10:30:16.312 [main] SeleniumFrameworkSeptember - Finish button has clicked.
[INFO ] 2024-10-19 10:30:16.341 [main] SeleniumFrameworkSeptember - Finish page URL verification passed.
[INFO ] 2024-10-19 10:30:16.465 [main] SeleniumFrameworkSeptember - Success message displayed.
[INFO ] 2024-10-19 10:30:16.657 [main] SeleniumFrameworkSeptember - Back Home button has clicked.
[INFO ] 2024-10-19 10:30:16.919 [main] SeleniumFrameworkSeptember - HamburgerIcon has clicked.
[INFO ] 2024-10-19 10:30:17.158 [main] SeleniumFrameworkSeptember - logoutBtnn has clicked.
[INFO ] 2024-10-19 10:32:42.558 [main] SeleniumFrameworkSeptember - URL has been launched.
[INFO ] 2024-10-19 10:32:42.923 [main] SeleniumFrameworkSeptember - Username has enetred.
[INFO ] 2024-10-19 10:32:43.095 [main] SeleniumFrameworkSeptember - Password has enetred.
[INFO ] 2024-10-19 10:32:43.330 [main] SeleniumFrameworkSeptember - Login button has clicked.
[INFO ] 2024-10-19 10:32:43.355 [main] SeleniumFrameworkSeptember - Product page title verification passed.
[INFO ] 2024-10-19 10:32:43.642 [main] SeleniumFrameworkSeptember - Item link has clicked.
[INFO ] 2024-10-19 10:32:43.821 [main] SeleniumFrameworkSeptember - Add To Cart button has clicked.
[INFO ] 2024-10-19 10:32:43.838 [main] SeleniumFrameworkSeptember - Product page URL verification passed.
[INFO ] 2024-10-19 10:32:43.972 [main] SeleniumFrameworkSeptember - AddToCart button has clicked.
[INFO ] 2024-10-19 10:32:44.112 [main] SeleniumFrameworkSeptember - Checkout button has clicked.
[INFO ] 2024-10-19 10:32:44.147 [main] SeleniumFrameworkSeptember - Information page URL verification passed.
[INFO ] 2024-10-19 10:32:44.349 [main] SeleniumFrameworkSeptember - First Name has entered
[INFO ] 2024-10-19 10:32:44.557 [main] SeleniumFrameworkSeptember - Last Name has entered
[INFO ] 2024-10-19 10:32:44.732 [main] SeleniumFrameworkSeptember - Zip Code has entered
[INFO ] 2024-10-19 10:32:44.933 [main] SeleniumFrameworkSeptember - Continue button has clicked.
[INFO ] 2024-10-19 10:32:44.953 [main] SeleniumFrameworkSeptember - Overview page URL verification passed.
[INFO ] 2024-10-19 10:32:45.131 [main] SeleniumFrameworkSeptember - Finish button has clicked.
[INFO ] 2024-10-19 10:32:45.162 [main] SeleniumFrameworkSeptember - Finish page URL verification passed.
[INFO ] 2024-10-19 10:32:45.243 [main] SeleniumFrameworkSeptember - Success message displayed.
[INFO ] 2024-10-19 10:32:45.411 [main] SeleniumFrameworkSeptember - Back Home button has clicked.
[INFO ] 2024-10-19 10:32:45.632 [main] SeleniumFrameworkSeptember - HamburgerIcon has clicked.
[INFO ] 2024-10-19 10:32:45.839 [main] SeleniumFrameworkSeptember - logoutBtnn has clicked.
[INFO ] 2024-10-19 10:34:41.183 [main] SeleniumFrameworkSeptember - URL has been launched.
[INFO ] 2024-10-19 10:34:43.903 [main] SeleniumFrameworkSeptember - Username has enetred.
[INFO ] 2024-10-19 10:34:44.076 [main] SeleniumFrameworkSeptember - Password has enetred.
[INFO ] 2024-10-19 10:34:44.320 [main] SeleniumFrameworkSeptember - Login button has clicked.
[INFO ] 2024-10-19 10:34:44.362 [main] SeleniumFrameworkSeptember - Product page title verification passed.
[INFO ] 2024-10-19 10:34:44.567 [main] SeleniumFrameworkSeptember - Item link has clicked.
[INFO ] 2024-10-19 10:34:44.721 [main] SeleniumFrameworkSeptember - Add To Cart button has clicked.
[INFO ] 2024-10-19 10:34:44.745 [main] SeleniumFrameworkSeptember - Product page URL verification passed.
[INFO ] 2024-10-19 10:34:45.036 [main] SeleniumFrameworkSeptember - AddToCart button has clicked.
[INFO ] 2024-10-19 10:34:45.209 [main] SeleniumFrameworkSeptember - Checkout button has clicked.
[INFO ] 2024-10-19 10:34:45.235 [main] SeleniumFrameworkSeptember - Information page URL verification passed.
[INFO ] 2024-10-19 10:34:45.464 [main] SeleniumFrameworkSeptember - First Name has entered
[INFO ] 2024-10-19 10:34:45.672 [main] SeleniumFrameworkSeptember - Last Name has entered
[INFO ] 2024-10-19 10:34:45.835 [main] SeleniumFrameworkSeptember - Zip Code has entered
[INFO ] 2024-10-19 10:34:46.022 [main] SeleniumFrameworkSeptember - Continue button has clicked.
[INFO ] 2024-10-19 10:34:46.042 [main] SeleniumFrameworkSeptember - Overview page URL verification passed.
[INFO ] 2024-10-19 10:34:46.176 [main] SeleniumFrameworkSeptember - Finish button has clicked.
[INFO ] 2024-10-19 10:34:46.221 [main] SeleniumFrameworkSeptember - Finish page URL verification passed.
[INFO ] 2024-10-19 10:34:46.293 [main] SeleniumFrameworkSeptember - Success message displayed.
[INFO ] 2024-10-19 10:34:46.477 [main] SeleniumFrameworkSeptember - Back Home button has clicked.
[INFO ] 2024-10-19 10:34:46.695 [main] SeleniumFrameworkSeptember - HamburgerIcon has clicked.
[INFO ] 2024-10-19 10:34:46.873 [main] SeleniumFrameworkSeptember - logoutBtnn has clicked.
[INFO ] 2024-10-21 09:35:49.413 [main] SeleniumFrameworkSeptember - URL has been launched.
[INFO ] 2024-10-21 09:35:51.629 [main] SeleniumFrameworkSeptember - Username has enetred.
[INFO ] 2024-10-21 09:35:51.823 [main] SeleniumFrameworkSeptember - Password has enetred.
[INFO ] 2024-10-21 09:35:52.223 [main] SeleniumFrameworkSeptember - Login button has clicked.
[INFO ] 2024-10-21 09:35:52.260 [main] SeleniumFrameworkSeptember - Product page title verification passed.
[INFO ] 2024-10-21 09:35:52.455 [main] SeleniumFrameworkSeptember - Item link has clicked.
[INFO ] 2024-10-21 09:35:52.610 [main] SeleniumFrameworkSeptember - Add To Cart button has clicked.
[INFO ] 2024-10-21 09:35:52.627 [main] SeleniumFrameworkSeptember - Product page URL verification passed.
[INFO ] 2024-10-21 09:35:52.794 [main] SeleniumFrameworkSeptember - AddToCart button has clicked.
[INFO ] 2024-10-21 09:35:52.885 [main] SeleniumFrameworkSeptember - Checkout button has clicked.
[INFO ] 2024-10-21 09:35:52.896 [main] SeleniumFrameworkSeptember - Information page URL verification passed.
[INFO ] 2024-10-21 09:35:53.081 [main] SeleniumFrameworkSeptember - First Name has entered
[INFO ] 2024-10-21 09:35:53.203 [main] SeleniumFrameworkSeptember - Last Name has entered
[INFO ] 2024-10-21 09:35:53.321 [main] SeleniumFrameworkSeptember - Zip Code has entered
[INFO ] 2024-10-21 09:35:53.537 [main] SeleniumFrameworkSeptember - Continue button has clicked.
[INFO ] 2024-10-21 09:35:53.561 [main] SeleniumFrameworkSeptember - Overview page URL verification passed.
[INFO ] 2024-10-21 09:35:53.697 [main] SeleniumFrameworkSeptember - Finish button has clicked.
[INFO ] 2024-10-21 09:35:53.709 [main] SeleniumFrameworkSeptember - Finish page URL verification passed.
[INFO ] 2024-10-21 09:35:53.903 [main] SeleniumFrameworkSeptember - Success message displayed.
[INFO ] 2024-10-21 09:35:54.004 [main] SeleniumFrameworkSeptember - Back Home button has clicked.
[INFO ] 2024-10-21 09:35:54.304 [main] SeleniumFrameworkSeptember - HamburgerIcon has clicked.
[INFO ] 2024-10-21 10:22:31.807 [main] SeleniumFrameworkSeptember - URL has been launched.
[INFO ] 2024-10-21 10:22:34.647 [main] SeleniumFrameworkSeptember - Username has enetred.
[INFO ] 2024-10-21 10:22:34.938 [main] SeleniumFrameworkSeptember - Password has enetred.
[INFO ] 2024-10-21 10:22:35.298 [main] SeleniumFrameworkSeptember - Login button has clicked.
[INFO ] 2024-10-21 10:22:35.399 [main] SeleniumFrameworkSeptember - Product page title verification passed.
[INFO ] 2024-10-21 10:22:35.599 [main] SeleniumFrameworkSeptember - Item link has clicked.
[INFO ] 2024-10-21 10:22:36.000 [main] SeleniumFrameworkSeptember - Add To Cart button has clicked.
[INFO ] 2024-10-21 10:22:36.031 [main] SeleniumFrameworkSeptember - Product page URL verification passed.
[INFO ] 2024-10-21 10:22:36.281 [main] SeleniumFrameworkSeptember - AddToCart button has clicked.
[INFO ] 2024-10-21 10:22:36.523 [main] SeleniumFrameworkSeptember - Checkout button has clicked.
[INFO ] 2024-10-21 10:22:36.565 [main] SeleniumFrameworkSeptember - Information page URL verification passed.
[INFO ] 2024-10-21 10:22:37.053 [main] SeleniumFrameworkSeptember - First Name has entered
[INFO ] 2024-10-21 10:22:37.343 [main] SeleniumFrameworkSeptember - Last Name has entered
[INFO ] 2024-10-21 10:22:37.615 [main] SeleniumFrameworkSeptember - Zip Code has entered
[INFO ] 2024-10-21 10:22:38.038 [main] SeleniumFrameworkSeptember - Continue button has clicked.
[INFO ] 2024-10-21 10:22:38.069 [main] SeleniumFrameworkSeptember - Overview page URL verification passed.
[INFO ] 2024-10-21 10:22:38.287 [main] SeleniumFrameworkSeptember - Finish button has clicked.
[INFO ] 2024-10-21 10:22:38.317 [main] SeleniumFrameworkSeptember - Finish page URL verification passed.
[INFO ] 2024-10-21 10:22:38.457 [main] SeleniumFrameworkSeptember - Success message displayed.
[INFO ] 2024-10-21 10:22:38.756 [main] SeleniumFrameworkSeptember - Back Home button has clicked.
[INFO ] 2024-10-21 10:22:39.000 [main] SeleniumFrameworkSeptember - HamburgerIcon has clicked.
[INFO ] 2024-10-21 10:22:39.192 [main] SeleniumFrameworkSeptember - logoutBtnn has clicked.
